testing/java/com/google/android/material/testapp/base/build/outputs/logs/manifest-merger-debug-report.txt
-- Merging decision tree log ---
manifest
ADDED from testapp/base/AndroidManifest.xml:17:1-21:12
INJECTED from testapp/base/AndroidManifest.xml:17:1-21:12
INJECTED from testapp/base/AndroidManifest.xml:17:1-21:12
	package
		ADDED from testapp/base/AndroidManifest.xml:18:3-53
		INJECTED from testapp/base/AndroidManifest.xml
		INJECTED from testapp/base/AndroidManifest.xml
	xmlns:android
		ADDED from testapp/base/AndroidManifest.xml:17:11-69
application
ADDED from testapp/base/AndroidManifest.xml:20:3-17
uses-sdk
INJECTED from testapp/base/AndroidManifest.xml reason: use-sdk injection requested
INJECTED from testapp/base/AndroidManifest.xml
INJECTED from testapp/base/AndroidManifest.xml
INJECTED from testapp/base/AndroidManifest.xml
INJECTED from testapp/base/AndroidManifest.xml
	android:targetSdkVersion
		INJECTED from testapp/base/AndroidManifest.xml
		ADDED from testapp/base/AndroidManifest.xml
		INJECTED from testapp/base/AndroidManifest.xml
	android:minSdkVersion
		INJECTED from testapp/base/AndroidManifest.xml
		ADDED from testapp/base/AndroidManifest.xml
		INJECTED from testapp/base/AndroidManifest.xml